\BOOKMARK [0][-]{table.caption.1}{\376\377\000L\000i\000s\000t\000\040\000o\000f\000\040\000F\000i\000g\000u\000r\000e\000s}{}% 1
\BOOKMARK [0][-]{chapter*.2}{\376\377\000L\000i\000s\000t\000\040\000o\000f\000\040\000F\000i\000g\000u\000r\000e\000s}{}% 2
\BOOKMARK [0][-]{chapter*.2}{\376\377\000L\000i\000s\000t\000\040\000o\000f\000\040\000T\000a\000b\000l\000e\000s}{}% 3
\BOOKMARK [0][-]{chapter*.3}{\376\377\000L\000i\000s\000t\000\040\000o\000f\000\040\000T\000a\000b\000l\000e\000s}{}% 4
\BOOKMARK [0][-]{chapter*.5}{\376\377\000G\000e\000n\000e\000r\000a\000l\000\040\000I\000n\000t\000r\000o\000d\000u\000c\000t\000i\000o\000n}{}% 5
\BOOKMARK [0][-]{chapter.1}{\376\377\000I\000n\000t\000e\000r\000n\000s\000h\000i\000p\000\040\000F\000r\000a\000m\000e\000w\000o\000r\000k\000\040\000P\000r\000e\000s\000e\000n\000t\000a\000t\000i\000o\000n}{}% 6
\BOOKMARK [1][-]{section.1.1}{\376\377\000C\000o\000m\000p\000a\000n\000y\000\040\000P\000r\000e\000s\000e\000n\000t\000a\000t\000i\000o\000n}{chapter.1}% 7
\BOOKMARK [1][-]{section.1.2}{\376\377\000S\000t\000u\000d\000y\000\040\000o\000f\000\040\000t\000h\000e\000\040\000E\000x\000i\000s\000t\000i\000n\000g\000\040\000S\000y\000s\000t\000e\000m}{chapter.1}% 8
\BOOKMARK [2][-]{subsection.1.2.1}{\376\377\000D\000e\000s\000c\000r\000i\000p\000t\000i\000o\000n\000\040\000o\000f\000\040\000t\000h\000e\000\040\000E\000x\000i\000s\000t\000i\000n\000g\000\040\000S\000y\000s\000t\000e\000m}{section.1.2}% 9
\BOOKMARK [2][-]{subsection.1.2.2}{\376\377\000C\000r\000i\000t\000i\000q\000u\000e\000\040\000o\000f\000\040\000t\000h\000e\000\040\000E\000x\000i\000s\000t\000i\000n\000g\000\040\000S\000y\000s\000t\000e\000m}{section.1.2}% 10
\BOOKMARK [2][-]{subsection.1.2.3}{\376\377\000P\000r\000o\000p\000o\000s\000e\000d\000\040\000S\000o\000l\000u\000t\000i\000o\000n}{section.1.2}% 11
\BOOKMARK [1][-]{subsection.1.2.3}{\376\377\000C\000o\000n\000c\000l\000u\000s\000i\000o\000n}{chapter.1}% 12
\BOOKMARK [0][-]{chapter.2}{\376\377\000S\000p\000e\000c\000i\000f\000i\000c\000a\000t\000i\000o\000n\000\040\000o\000f\000\040\000N\000e\000e\000d\000s}{}% 13
\BOOKMARK [1][-]{section*.8}{\376\377\000I\000n\000t\000r\000o\000d\000u\000c\000t\000i\000o\000n}{chapter.2}% 14
\BOOKMARK [1][-]{section.2.1}{\376\377\000F\000u\000n\000c\000t\000i\000o\000n\000a\000l\000\040\000R\000e\000q\000u\000i\000r\000e\000m\000e\000n\000t\000s}{chapter.2}% 15
\BOOKMARK [2][-]{subsection.2.1.1}{\376\377\000U\000s\000e\000r\000\040\000A\000c\000c\000e\000s\000s\000\040\000a\000n\000d\000\040\000A\000u\000t\000h\000e\000n\000t\000i\000c\000a\000t\000i\000o\000n}{section.2.1}% 16
\BOOKMARK [2][-]{subsection.2.1.2}{\376\377\000U\000s\000e\000r\000\040\000a\000n\000d\000\040\000R\000o\000l\000e\000\040\000M\000a\000n\000a\000g\000e\000m\000e\000n\000t}{section.2.1}% 17
\BOOKMARK [2][-]{subsection.2.1.3}{\376\377\000C\000l\000u\000b\000\040\000R\000e\000f\000e\000r\000e\000n\000c\000e\000\040\000D\000a\000t\000a\000\040\000M\000a\000n\000a\000g\000e\000m\000e\000n\000t}{section.2.1}% 18
\BOOKMARK [2][-]{subsection.2.1.4}{\376\377\000D\000o\000c\000u\000m\000e\000n\000t\000\040\000M\000a\000n\000a\000g\000e\000m\000e\000n\000t}{section.2.1}% 19
\BOOKMARK [2][-]{subsection.2.1.5}{\376\377\000C\000a\000l\000e\000n\000d\000a\000r\000\040\000a\000n\000d\000\040\000E\000v\000e\000n\000t\000\040\000M\000a\000n\000a\000g\000e\000m\000e\000n\000t}{section.2.1}% 20
\BOOKMARK [2][-]{subsection.2.1.6}{\376\377\000P\000l\000a\000y\000e\000r\000\040\000P\000r\000o\000f\000i\000l\000e\000\040\000C\000o\000n\000s\000u\000l\000t\000a\000t\000i\000o\000n}{section.2.1}% 21
\BOOKMARK [2][-]{subsection.2.1.7}{\376\377\000N\000o\000t\000i\000f\000i\000c\000a\000t\000i\000o\000n\000s\000\040\000a\000n\000d\000\040\000S\000e\000a\000r\000c\000h}{section.2.1}% 22
\BOOKMARK [2][-]{subsection.2.1.8}{\376\377\000A\000c\000c\000e\000s\000s\000\040\000C\000o\000n\000t\000r\000o\000l\000\040\000a\000n\000d\000\040\000A\000c\000t\000i\000v\000i\000t\000y\000\040\000T\000r\000a\000c\000k\000i\000n\000g}{section.2.1}% 23
\BOOKMARK [1][-]{section.2.2}{\376\377\000N\000o\000n\000-\000F\000u\000n\000c\000t\000i\000o\000n\000a\000l\000\040\000R\000e\000q\000u\000i\000r\000e\000m\000e\000n\000t\000s}{chapter.2}% 24
\BOOKMARK [2][-]{subsection.2.2.1}{\376\377\000S\000e\000c\000u\000r\000i\000t\000y}{section.2.2}% 25
\BOOKMARK [2][-]{subsection.2.2.2}{\376\377\000U\000s\000a\000b\000i\000l\000i\000t\000y}{section.2.2}% 26
\BOOKMARK [2][-]{subsection.2.2.3}{\376\377\000P\000e\000r\000f\000o\000r\000m\000a\000n\000c\000e}{section.2.2}% 27
\BOOKMARK [2][-]{subsection.2.2.4}{\376\377\000M\000a\000i\000n\000t\000a\000i\000n\000a\000b\000i\000l\000i\000t\000y\000\040\000a\000n\000d\000\040\000E\000x\000t\000e\000n\000s\000i\000b\000i\000l\000i\000t\000y}{section.2.2}% 28
\BOOKMARK [2][-]{subsection.2.2.5}{\376\377\000R\000e\000l\000i\000a\000b\000i\000l\000i\000t\000y\000\040\000a\000n\000d\000\040\000T\000r\000a\000c\000e\000a\000b\000i\000l\000i\000t\000y}{section.2.2}% 29
\BOOKMARK [1][-]{section.2.3}{\376\377\000U\000s\000e\000\040\000C\000a\000s\000e\000\040\000D\000i\000a\000g\000r\000a\000m\000s}{chapter.2}% 30
\BOOKMARK [2][-]{subsection.2.3.1}{\376\377\000P\000r\000e\000s\000e\000n\000t\000a\000t\000i\000o\000n\000\040\000o\000f\000\040\000A\000c\000t\000o\000r\000s}{section.2.3}% 31
\BOOKMARK [2][-]{subsection.2.3.2}{\376\377\000G\000l\000o\000b\000a\000l\000\040\000P\000l\000a\000t\000f\000o\000r\000m\000\040\000U\000s\000e\000\040\000C\000a\000s\000e}{section.2.3}% 32
\BOOKMARK [2][-]{subsection.2.3.3}{\376\377\000C\000a\000l\000e\000n\000d\000a\000r\000\040\000a\000n\000d\000\040\000E\000v\000e\000n\000t\000\040\000M\000a\000n\000a\000g\000e\000m\000e\000n\000t}{section.2.3}% 33
\BOOKMARK [2][-]{subsection.2.3.4}{\376\377\000D\000o\000c\000u\000m\000e\000n\000t\000\040\000M\000a\000n\000a\000g\000e\000m\000e\000n\000t}{section.2.3}% 34
\BOOKMARK [2][-]{subsection.2.3.5}{\376\377\000P\000l\000a\000y\000e\000r\000\040\000P\000r\000o\000f\000i\000l\000e\000\040\000C\000o\000n\000s\000u\000l\000t\000a\000t\000i\000o\000n}{section.2.3}% 35
\BOOKMARK [1][-]{table.2.4}{\376\377\000C\000o\000n\000c\000l\000u\000s\000i\000o\000n}{chapter.2}% 36
\BOOKMARK [0][-]{chapter.3}{\376\377\000D\000e\000s\000i\000g\000n}{}% 37
\BOOKMARK [1][-]{section*.11}{\376\377\000I\000n\000t\000r\000o\000d\000u\000c\000t\000i\000o\000n}{chapter.3}% 38
\BOOKMARK [1][-]{section.3.1}{\376\377\000G\000l\000o\000b\000a\000l\000\040\000A\000r\000c\000h\000i\000t\000e\000c\000t\000u\000r\000e\000\040\000D\000e\000s\000i\000g\000n}{chapter.3}% 39
\BOOKMARK [2][-]{subsection.3.1.1}{\376\377\000A\000r\000c\000h\000i\000t\000e\000c\000t\000u\000r\000a\000l\000\040\000S\000t\000y\000l\000e}{section.3.1}% 40
\BOOKMARK [2][-]{subsection.3.1.2}{\376\377\000G\000e\000n\000e\000r\000a\000l\000\040\000A\000r\000c\000h\000i\000t\000e\000c\000t\000u\000r\000e}{section.3.1}% 41
\BOOKMARK [2][-]{subsection.3.1.3}{\376\377\000M\000a\000i\000n\000\040\000C\000o\000m\000p\000o\000n\000e\000n\000t\000s}{section.3.1}% 42
\BOOKMARK [1][-]{section.3.2}{\376\377\000B\000a\000c\000k\000e\000n\000d\000\040\000M\000o\000d\000u\000l\000e\000\040\000D\000e\000s\000i\000g\000n}{chapter.3}% 43
\BOOKMARK [2][-]{subsection.3.2.1}{\376\377\000A\000P\000I\000\040\000G\000a\000t\000e\000w\000a\000y}{section.3.2}% 44
\BOOKMARK [2][-]{subsection.3.2.2}{\376\377\000G\000o\000v\000e\000r\000n\000a\000n\000c\000e\000\040\000S\000e\000r\000v\000i\000c\000e}{section.3.2}% 45
\BOOKMARK [2][-]{subsection.3.2.3}{\376\377\000W\000o\000r\000k\000s\000p\000a\000c\000e\000\040\000S\000e\000r\000v\000i\000c\000e}{section.3.2}% 46
\BOOKMARK [2][-]{subsection.3.2.4}{\376\377\000S\000h\000a\000r\000e\000d\000\040\000S\000D\000K}{section.3.2}% 47
\BOOKMARK [1][-]{section.3.3}{\376\377\000D\000a\000t\000a\000\040\000D\000e\000s\000i\000g\000n}{chapter.3}% 48
\BOOKMARK [2][-]{subsection.3.3.1}{\376\377\000M\000a\000i\000n\000\040\000D\000a\000t\000a\000\040\000M\000o\000d\000e\000l\000s}{section.3.3}% 49
\BOOKMARK [2][-]{subsection.3.3.2}{\376\377\000G\000o\000v\000e\000r\000n\000a\000n\000c\000e\000\040\000C\000l\000a\000s\000s\000\040\000D\000i\000a\000g\000r\000a\000m}{section.3.3}% 50
\BOOKMARK [2][-]{subsection.3.3.3}{\376\377\000D\000o\000c\000u\000m\000e\000n\000t\000\040\000M\000a\000n\000a\000g\000e\000m\000e\000n\000t\000\040\000C\000l\000a\000s\000s\000\040\000D\000i\000a\000g\000r\000a\000m}{section.3.3}% 51
\BOOKMARK [2][-]{subsection.3.3.4}{\376\377\000C\000a\000l\000e\000n\000d\000a\000r\000\040\000a\000n\000d\000\040\000E\000v\000e\000n\000t\000\040\000C\000l\000a\000s\000s\000\040\000D\000i\000a\000g\000r\000a\000m}{section.3.3}% 52
\BOOKMARK [2][-]{subsection.3.3.5}{\376\377\000S\000t\000o\000r\000a\000g\000e\000\040\000M\000a\000p\000p\000i\000n\000g}{section.3.3}% 53
\BOOKMARK [1][-]{section.3.4}{\376\377\000P\000r\000o\000c\000e\000s\000s\000i\000n\000g\000\040\000D\000e\000s\000i\000g\000n}{chapter.3}% 54
\BOOKMARK [2][-]{subsection.3.4.1}{\376\377\000A\000u\000t\000h\000e\000n\000t\000i\000c\000a\000t\000i\000o\000n\000\040\000P\000r\000o\000c\000e\000s\000s\000\040\000F\000l\000o\000w}{section.3.4}% 55
\BOOKMARK [2][-]{subsection.3.4.2}{\376\377\000D\000o\000c\000u\000m\000e\000n\000t\000\040\000M\000a\000n\000a\000g\000e\000m\000e\000n\000t\000\040\000F\000l\000o\000w}{section.3.4}% 56
\BOOKMARK [2][-]{subsection.3.4.3}{\376\377\000C\000a\000l\000e\000n\000d\000a\000r\000\040\000a\000n\000d\000\040\000E\000v\000e\000n\000t\000\040\000M\000a\000n\000a\000g\000e\000m\000e\000n\000t\000\040\000F\000l\000o\000w}{section.3.4}% 57
\BOOKMARK [2][-]{subsection.3.4.4}{\376\377\000P\000l\000a\000y\000e\000r\000\040\000P\000r\000o\000f\000i\000l\000e\000\040\000C\000o\000n\000s\000u\000l\000t\000a\000t\000i\000o\000n\000\040\000F\000l\000o\000w}{section.3.4}% 58
\BOOKMARK [1][-]{section.3.5}{\376\377\000S\000e\000c\000u\000r\000i\000t\000y\000\040\000a\000n\000d\000\040\000A\000u\000t\000h\000o\000r\000i\000z\000a\000t\000i\000o\000n\000\040\000D\000e\000s\000i\000g\000n}{chapter.3}% 59
\BOOKMARK [1][-]{table.caption.20}{\376\377\000C\000o\000n\000c\000l\000u\000s\000i\000o\000n}{chapter.3}% 60
\BOOKMARK [0][-]{chapter.4}{\376\377\000I\000m\000p\000l\000e\000m\000e\000n\000t\000a\000t\000i\000o\000n\000\040\000a\000n\000d\000\040\000R\000e\000a\000l\000i\000z\000a\000t\000i\000o\000n}{}% 61
\BOOKMARK [1][-]{section*.21}{\376\377\000I\000n\000t\000r\000o\000d\000u\000c\000t\000i\000o\000n}{chapter.4}% 62
\BOOKMARK [1][-]{section.4.1}{\376\377\000D\000e\000v\000e\000l\000o\000p\000m\000e\000n\000t\000\040\000E\000n\000v\000i\000r\000o\000n\000m\000e\000n\000t}{chapter.4}% 63
\BOOKMARK [2][-]{subsection.4.1.1}{\376\377\000S\000o\000f\000t\000w\000a\000r\000e\000\040\000E\000n\000v\000i\000r\000o\000n\000m\000e\000n\000t}{section.4.1}% 64
\BOOKMARK [1][-]{section.4.2}{\376\377\000I\000m\000p\000l\000e\000m\000e\000n\000t\000a\000t\000i\000o\000n\000\040\000O\000v\000e\000r\000v\000i\000e\000w}{chapter.4}% 65
\BOOKMARK [1][-]{section.4.3}{\376\377\000M\000a\000i\000n\000\040\000G\000r\000a\000p\000h\000i\000c\000a\000l\000\040\000I\000n\000t\000e\000r\000f\000a\000c\000e\000s}{chapter.4}% 66
\BOOKMARK [2][-]{subsection.4.3.1}{\376\377\000A\000u\000t\000h\000e\000n\000t\000i\000c\000a\000t\000i\000o\000n\000\040\000I\000n\000t\000e\000r\000f\000a\000c\000e}{section.4.3}% 67
\BOOKMARK [2][-]{subsection.4.3.2}{\376\377\000D\000o\000c\000u\000m\000e\000n\000t\000\040\000M\000a\000n\000a\000g\000e\000m\000e\000n\000t\000\040\000I\000n\000t\000e\000r\000f\000a\000c\000e}{section.4.3}% 68
\BOOKMARK [2][-]{subsection.4.3.3}{\376\377\000O\000n\000l\000i\000n\000e\000\040\000D\000o\000c\000u\000m\000e\000n\000t\000\040\000V\000i\000e\000w\000e\000r\000\040\000a\000n\000d\000\040\000E\000d\000i\000t\000o\000r}{section.4.3}% 69
\BOOKMARK [2][-]{subsection.4.3.4}{\376\377\000C\000a\000l\000e\000n\000d\000a\000r\000\040\000I\000n\000t\000e\000r\000f\000a\000c\000e}{section.4.3}% 70
\BOOKMARK [2][-]{subsection.4.3.5}{\376\377\000E\000v\000e\000n\000t\000\040\000D\000e\000t\000a\000i\000l\000s\000\040\000I\000n\000t\000e\000r\000f\000a\000c\000e}{section.4.3}% 71
\BOOKMARK [2][-]{subsection.4.3.6}{\376\377\000P\000l\000a\000y\000e\000r\000\040\000P\000r\000o\000f\000i\000l\000e\000\040\000I\000n\000t\000e\000r\000f\000a\000c\000e}{section.4.3}% 72
\BOOKMARK [2][-]{subsection.4.3.7}{\376\377\000N\000o\000t\000i\000f\000i\000c\000a\000t\000i\000o\000n\000\040\000I\000n\000t\000e\000r\000f\000a\000c\000e}{section.4.3}% 73
\BOOKMARK [1][-]{section.4.4}{\376\377\000D\000e\000p\000l\000o\000y\000m\000e\000n\000t\000\040\000a\000n\000d\000\040\000I\000n\000t\000e\000g\000r\000a\000t\000i\000o\000n}{chapter.4}% 74
\BOOKMARK [1][-]{table.caption.32}{\376\377\000C\000o\000n\000c\000l\000u\000s\000i\000o\000n}{chapter.4}% 75
\BOOKMARK [0][-]{chapter*.33}{\376\377\000G\000e\000n\000e\000r\000a\000l\000\040\000C\000o\000n\000c\000l\000u\000s\000i\000o\000n}{}% 76
\BOOKMARK [0][-]{chapter*.34}{\376\377\000B\000i\000b\000l\000i\000o\000g\000r\000a\000p\000h\000y\000\040\000a\000n\000d\000\040\000W\000e\000b\000o\000g\000r\000a\000p\000h\000y}{}% 77
